<?xml version="1.0" encoding="UTF-8"?>
<testng-results ignored="0" total="1" passed="1" failed="0" skipped="0">
  <reporter-output>
  </reporter-output>
  <suite started-at="2023-04-19T12:34:50 IST" name="Default suite" finished-at="2023-04-19T12:36:32 IST" duration-ms="101615">
    <groups>
    </groups>
    <test started-at="2023-04-19T12:34:50 IST" name="Default test" finished-at="2023-04-19T12:36:32 IST" duration-ms="101615">
      <class name="cc2.Task1">
        <test-method signature="f()[pri:0, instance:cc2.Task1@4f80542f]" started-at="2023-04-19T12:34:50 IST" name="f" finished-at="2023-04-19T12:36:32 IST" duration-ms="101497" status="PASS">
          <reporter-output>
          </reporter-output>
        </test-method> <!-- f -->
      </class> <!-- cc2.Task1 -->
    </test> <!-- Default test -->
  </suite> <!-- Default suite -->
</testng-results>
